#
# There is insufficient memory for the Java Runtime Environment to continue.
# Native memory allocation (malloc) failed to allocate 168416 bytes. Error detail: Chunk::new
# Possible reasons:
#   The system is out of physical RAM or swap space
#   This process is running with CompressedOops enabled, and the Java Heap may be blocking the growth of the native heap
# Possible solutions:
#   Reduce memory load on the system
#   Increase physical memory or swap space
#   Check if swap backing store is full
#   Decrease Java heap size (-Xmx/-Xms)
#   Decrease number of Java threads
#   Decrease Java thread stack sizes (-Xss)
#   Set larger code cache with -XX:ReservedCodeCacheSize=
#   JVM is running with Unscaled Compressed Oops mode in which the Java heap is
#     placed in the first 4GB address space. The Java Heap base address is the
#     maximum limit for the native heap growth. Please use -XX:HeapBaseMinAddress
#     to set the Java Heap base and to place the Java Heap above 4GB virtual address.
# This output file may be truncated or incomplete.
#
#  Out of Memory Error (arena.cpp:168), pid=10964, tid=10468
#
# JRE version: OpenJDK Runtime Environment (21.0.6) (build 21.0.6+-13368085-b895.109)
# Java VM: OpenJDK 64-Bit Server VM (21.0.6+-13368085-b895.109, mixed mode, tiered, compressed oops, compressed class ptrs, g1 gc, windows-amd64)
# No core dump will be written. Minidumps are not enabled by default on client versions of Windows
#

---------------  S U M M A R Y ------------

Command Line: --add-opens=java.base/java.lang=ALL-UNNAMED --add-opens=java.base/java.lang.invoke=ALL-UNNAMED --add-opens=java.base/java.util=ALL-UNNAMED --add-opens=java.prefs/java.util.prefs=ALL-UNNAMED --add-exports=jdk.compiler/com.sun.tools.javac.api=ALL-UNNAMED --add-exports=jdk.compiler/com.sun.tools.javac.util=ALL-UNNAMED --add-opens=java.base/java.util=ALL-UNNAMED --add-opens=java.prefs/java.util.prefs=ALL-UNNAMED --add-opens=java.base/java.nio.charset=ALL-UNNAMED --add-opens=java.base/java.net=ALL-UNNAMED --add-opens=java.base/java.util.concurrent.atomic=ALL-UNNAMED --add-opens=java.xml/javax.xml.namespace=ALL-UNNAMED -Xmx2048m -Dfile.encoding=UTF-8 -Duser.country=US -Duser.language=en -Duser.variant -javaagent:C:\Users\MoussaNDOUR\.gradle\wrapper\dists\gradle-8.11.1-bin\bpt9gzteqjrbo1mjrsomdt32c\gradle-8.11.1\lib\agents\gradle-instrumentation-agent-8.11.1.jar org.gradle.launcher.daemon.bootstrap.GradleDaemon 8.11.1

Host: Intel(R) Pentium(R) CPU  N3700  @ 1.60GHz, 4 cores, 7G,  Windows 10 , 64 bit Build 19041 (10.0.19041.5915)
Time: Wed Oct 29 15:53:45 2025 Greenwich Standard Time elapsed time: 224.437855 seconds (0d 0h 3m 44s)

---------------  T H R E A D  ---------------

Current thread (0x000001ff930461c0):  JavaThread "C2 CompilerThread0" daemon [_thread_in_native, id=10468, stack(0x000000f225d00000,0x000000f225e00000) (1024K)]


Current CompileTask:
C2:224438 8044       4       sun.nio.fs.WindowsPathParser::parse (504 bytes)

Stack: [0x000000f225d00000,0x000000f225e00000]
Native frames: (J=compiled Java code, j=interpreted, Vv=VM code, C=native code)
V  [jvm.dll+0x6d0639]
V  [jvm.dll+0x85eb03]
V  [jvm.dll+0x86105e]
V  [jvm.dll+0x861743]
V  [jvm.dll+0x27e6e6]
V  [jvm.dll+0xbff6d]
V  [jvm.dll+0xc04a3]
V  [jvm.dll+0x2f2780]
V  [jvm.dll+0x5fa409]
V  [jvm.dll+0x250d92]
V  [jvm.dll+0x25114f]
V  [jvm.dll+0x2498f5]
V  [jvm.dll+0x24714e]
V  [jvm.dll+0x1c5f04]
V  [jvm.dll+0x2569ac]
V  [jvm.dll+0x254ef6]
V  [jvm.dll+0x3f0e96]
V  [jvm.dll+0x806ed8]
V  [jvm.dll+0x6cef0d]
C  [ucrtbase.dll+0x21bb2]
C  [KERNEL32.DLL+0x17374]
C  [ntdll.dll+0x4cc91]


---------------  P R O C E S S  ---------------

Threads class SMR info:
_java_thread_list=0x000001ff96bc1b80, length=41, elements={
0x000001fff3413540, 0x000001ff93040dc0, 0x000001ff93043820, 0x000001ff93044390,
0x000001ff9307efb0, 0x000001ff93044de0, 0x000001ff93045440, 0x000001ff930461c0,
0x000001ff9308f320, 0x000001fffb1f8bf0, 0x000001ff9339a970, 0x000001ff935b3f20,
0x000001ff9424c750, 0x000001ff941804d0, 0x000001ff93c8bf10, 0x000001ff9443e390,
0x000001ff93c8cef0, 0x000001ff93c8d550, 0x000001ff94dd3170, 0x000001ff94b6c060,
0x000001ff94b6c6f0, 0x000001ff94b6cd80, 0x000001ff94b6e130, 0x000001ff94b6daa0,
0x000001ff94b6e7c0, 0x000001ff94b6ee50, 0x000001ff94b6f4e0, 0x000001ff9575f010,
0x000001ff9575f6a0, 0x000001ff9575b500, 0x000001ff9575d5d0, 0x000001ff9575dc60,
0x000001ff9575e980, 0x000001ff9575fd30, 0x000001ff957603c0, 0x000001ff95760a50,
0x000001ff9575bb90, 0x000001ff9575c220, 0x000001ff95759ac0, 0x000001ff9575c8b0,
0x000001ff957610e0
}

Java Threads: ( => current thread )
  0x000001fff3413540 JavaThread "main"                              [_thread_blocked, id=13048, stack(0x000000f224f00000,0x000000f225000000) (1024K)]
  0x000001ff93040dc0 JavaThread "Reference Handler"          daemon [_thread_blocked, id=8908, stack(0x000000f225700000,0x000000f225800000) (1024K)]
  0x000001ff93043820 JavaThread "Finalizer"                  daemon [_thread_blocked, id=10932, stack(0x000000f225800000,0x000000f225900000) (1024K)]
  0x000001ff93044390 JavaThread "Signal Dispatcher"          daemon [_thread_blocked, id=11128, stack(0x000000f225900000,0x000000f225a00000) (1024K)]
  0x000001ff9307efb0 JavaThread "Attach Listener"            daemon [_thread_blocked, id=11660, stack(0x000000f225a00000,0x000000f225b00000) (1024K)]
  0x000001ff93044de0 JavaThread "Service Thread"             daemon [_thread_blocked, id=8516, stack(0x000000f225b00000,0x000000f225c00000) (1024K)]
  0x000001ff93045440 JavaThread "Monitor Deflation Thread"   daemon [_thread_blocked, id=2668, stack(0x000000f225c00000,0x000000f225d00000) (1024K)]
=>0x000001ff930461c0 JavaThread "C2 CompilerThread0"         daemon [_thread_in_native, id=10468, stack(0x000000f225d00000,0x000000f225e00000) (1024K)]
  0x000001ff9308f320 JavaThread "C1 CompilerThread0"         daemon [_thread_blocked, id=12876, stack(0x000000f225e00000,0x000000f225f00000) (1024K)]
  0x000001fffb1f8bf0 JavaThread "Common-Cleaner"             daemon [_thread_blocked, id=11772, stack(0x000000f225f00000,0x000000f226000000) (1024K)]
  0x000001ff9339a970 JavaThread "Notification Thread"        daemon [_thread_blocked, id=12760, stack(0x000000f226000000,0x000000f226100000) (1024K)]
  0x000001ff935b3f20 JavaThread "Daemon health stats"               [_thread_blocked, id=12004, stack(0x000000f226400000,0x000000f226500000) (1024K)]
  0x000001ff9424c750 JavaThread "Incoming local TCP Connector on port 49788"        [_thread_in_native, id=10180, stack(0x000000f226500000,0x000000f226600000) (1024K)]
  0x000001ff941804d0 JavaThread "Daemon periodic checks"            [_thread_blocked, id=12780, stack(0x000000f226600000,0x000000f226700000) (1024K)]
  0x000001ff93c8bf10 JavaThread "Daemon"                            [_thread_blocked, id=3248, stack(0x000000f226700000,0x000000f226800000) (1024K)]
  0x000001ff9443e390 JavaThread "Handler for socket connection from /127.0.0.1:49788 to /127.0.0.1:49789"        [_thread_in_native, id=11016, stack(0x000000f226800000,0x000000f226900000) (1024K)]
  0x000001ff93c8cef0 JavaThread "Cancel handler"                    [_thread_blocked, id=2452, stack(0x000000f226900000,0x000000f226a00000) (1024K)]
  0x000001ff93c8d550 JavaThread "Daemon worker"                     [_thread_in_Java, id=11292, stack(0x000000f226a00000,0x000000f226b00000) (1024K)] _threads_hazard_ptr=0x000001ff96bc1b80
  0x000001ff94dd3170 JavaThread "Asynchronous log dispatcher for DefaultDaemonConnection: socket connection from /127.0.0.1:49788 to /127.0.0.1:49789"        [_thread_blocked, id=12740, stack(0x000000f226b00000,0x000000f226c00000) (1024K)]
  0x000001ff94b6c060 JavaThread "Stdin handler"                     [_thread_blocked, id=12660, stack(0x000000f226c00000,0x000000f226d00000) (1024K)]
  0x000001ff94b6c6f0 JavaThread "Daemon client event forwarder"        [_thread_blocked, id=12444, stack(0x000000f226d00000,0x000000f226e00000) (1024K)]
  0x000001ff94b6cd80 JavaThread "Cache worker for journal cache (C:\Users\MoussaNDOUR\.gradle\caches\journal-1)"        [_thread_blocked, id=3704, stack(0x000000f226e00000,0x000000f226f00000) (1024K)]
  0x000001ff94b6e130 JavaThread "File lock request listener"        [_thread_in_native, id=7800, stack(0x000000f226f00000,0x000000f227000000) (1024K)]
  0x000001ff94b6daa0 JavaThread "Cache worker for file hash cache (C:\Users\MoussaNDOUR\.gradle\caches\8.11.1\fileHashes)"        [_thread_blocked, id=11888, stack(0x000000f227000000,0x000000f227100000) (1024K)]
  0x000001ff94b6e7c0 JavaThread "Cache worker for file content cache (C:\Users\MoussaNDOUR\.gradle\caches\8.11.1\fileContent)"        [_thread_blocked, id=12404, stack(0x000000f227100000,0x000000f227200000) (1024K)]
  0x000001ff94b6ee50 JavaThread "Cache worker for file hash cache (C:\Users\MoussaNDOUR\AndroidStudioProjects\ApplicationMemoire\.gradle\8.11.1\fileHashes)"        [_thread_blocked, id=12936, stack(0x000000f227200000,0x000000f227300000) (1024K)]
  0x000001ff94b6f4e0 JavaThread "Cache worker for Build Output Cleanup Cache (C:\Users\MoussaNDOUR\AndroidStudioProjects\ApplicationMemoire\.gradle\buildOutputCleanup)"        [_thread_blocked, id=12616, stack(0x000000f227300000,0x000000f227400000) (1024K)]
  0x000001ff9575f010 JavaThread "File watcher server"        daemon [_thread_in_native, id=12348, stack(0x000000f227400000,0x000000f227500000) (1024K)]
  0x000001ff9575f6a0 JavaThread "File watcher consumer"      daemon [_thread_blocked, id=12924, stack(0x000000f227500000,0x000000f227600000) (1024K)]
  0x000001ff9575b500 JavaThread "Cache worker for checksums cache (C:\Users\MoussaNDOUR\AndroidStudioProjects\ApplicationMemoire\.gradle\8.11.1\checksums)"        [_thread_blocked, id=11104, stack(0x000000f224c00000,0x000000f224d00000) (1024K)]
  0x000001ff9575d5d0 JavaThread "Cache worker for cache directory md-rule (C:\Users\MoussaNDOUR\.gradle\caches\8.11.1\md-rule)"        [_thread_blocked, id=11972, stack(0x000000f224d00000,0x000000f224e00000) (1024K)]
  0x000001ff9575dc60 JavaThread "Cache worker for cache directory md-supplier (C:\Users\MoussaNDOUR\.gradle\caches\8.11.1\md-supplier)"        [_thread_blocked, id=9144, stack(0x000000f224e00000,0x000000f224f00000) (1024K)]
  0x000001ff9575e980 JavaThread "Unconstrained build operations"        [_thread_blocked, id=11748, stack(0x000000f227600000,0x000000f227700000) (1024K)]
  0x000001ff9575fd30 JavaThread "Unconstrained build operations Thread 2"        [_thread_blocked, id=14052, stack(0x000000f227700000,0x000000f227800000) (1024K)]
  0x000001ff957603c0 JavaThread "Unconstrained build operations Thread 3"        [_thread_blocked, id=13624, stack(0x000000f227800000,0x000000f227900000) (1024K)]
  0x000001ff95760a50 JavaThread "Unconstrained build operations Thread 4"        [_thread_blocked, id=15344, stack(0x000000f227900000,0x000000f227a00000) (1024K)]
  0x000001ff9575bb90 JavaThread "Unconstrained build operations Thread 5"        [_thread_blocked, id=13292, stack(0x000000f227a00000,0x000000f227b00000) (1024K)]
  0x000001ff9575c220 JavaThread "Unconstrained build operations Thread 6"        [_thread_blocked, id=16388, stack(0x000000f227b00000,0x000000f227c00000) (1024K)]
  0x000001ff95759ac0 JavaThread "Unconstrained build operations Thread 7"        [_thread_in_native, id=17056, stack(0x000000f227c00000,0x000000f227d00000) (1024K)]
  0x000001ff9575c8b0 JavaThread "Unconstrained build operations Thread 8"        [_thread_blocked, id=17060, stack(0x000000f227d00000,0x000000f227e00000) (1024K)]
  0x000001ff957610e0 JavaThread "Unconstrained build operations Thread 9"        [_thread_blocked, id=17064, stack(0x000000f227e00000,0x000000f227f00000) (1024K)]
Total: 41

Other Threads:
  0x000001fffb2001f0 VMThread "VM Thread"                           [id=12392, stack(0x000000f225600000,0x000000f225700000) (1024K)]
  0x000001fffb1f5af0 WatcherThread "VM Periodic Task Thread"        [id=1380, stack(0x000000f225500000,0x000000f225600000) (1024K)]
  0x000001fff3468090 WorkerThread "GC Thread#0"                     [id=12316, stack(0x000000f225000000,0x000000f225100000) (1024K)]
  0x000001fffb1ff710 WorkerThread "GC Thread#1"                     [id=12556, stack(0x000000f226100000,0x000000f226200000) (1024K)]
  0x000001fffb200590 WorkerThread "GC Thread#2"                     [id=12872, stack(0x000000f226200000,0x000000f226300000) (1024K)]
  0x000001fffb1ffab0 WorkerThread "GC Thread#3"                     [id=12748, stack(0x000000f226300000,0x000000f226400000) (1024K)]
  0x000001fff3478f90 ConcurrentGCThread "G1 Main Marker"            [id=13248, stack(0x000000f225100000,0x000000f225200000) (1024K)]
  0x000001fff347aff0 WorkerThread "G1 Conc#0"                       [id=13184, stack(0x000000f225200000,0x000000f225300000) (1024K)]
  0x000001fff34de6d0 ConcurrentGCThread "G1 Refine#0"               [id=13172, stack(0x000000f225300000,0x000000f225400000) (1024K)]
  0x000001fffb0ce230 ConcurrentGCThread "G1 Service"                [id=12544, stack(0x000000f225400000,0x000000f225500000) (1024K)]
Total: 10

Threads with active compile tasks:
C2 CompilerThread0  224664 8044       4       sun.nio.fs.WindowsPathParser::parse (504 bytes)
Total: 1

VM state: not at safepoint (normal execution)

VM Mutex/Monitor currently owned by a thread: None

Heap address: 0x0000000080000000, size: 2048 MB, Compressed Oops mode: 32-bit

CDS archive(s) not mapped
Compressed class space mapped at: 0x0000000100000000-0x0000000140000000, reserved size: 1073741824
Narrow klass base: 0x0000000000000000, Narrow klass shift: 3, Narrow klass range: 0x140000000

GC Precious Log:
 CardTable entry size: 512
 Card Set container configuration: InlinePtr #cards 5 size 8 Array Of Cards #cards 12 size 40 Howl #buckets 4 coarsen threshold 1843 Howl Bitmap #cards 512 size 80 coarsen threshold 460 Card regions per heap region 1 cards per card region 2048
 CPUs: 4 total, 4 available
 Memory: 8049M
 Large Page Support: Disabled
 NUMA Support: Disabled
 Compressed Oops: Enabled (32-bit)
 Heap Region Size: 1M
 Heap Min Capacity: 8M
 Heap Initial Capacity: 126M
 Heap Max Capacity: 2G
 Pre-touch: Disabled
 Parallel Workers: 4
 Concurrent Workers: 1
 Concurrent Refinement Workers: 4
 Periodic GC: Disabled

Heap:
 garbage-first heap   total 80896K, used 56346K [0x0000000080000000, 0x0000000100000000)
  region size 1024K, 14 young (14336K), 3 survivors (3072K)
 Metaspace       used 66763K, committed 68416K, reserved 1114112K
  class space    used 9042K, committed 9856K, reserved 1048576K

Heap Regions: E=young(eden), S=young(survivor), O=old, HS=humongous(starts), HC=humongous(continues), CS=collection set, F=free, TAMS=top-at-mark-start, PB=parsable bottom
|   0|0x0000000080000000, 0x0000000080100000, 0x0000000080100000|100%|HS|  |TAMS 0x0000000080000000| PB 0x0000000080000000| Complete 
|   1|0x0000000080100000, 0x0000000080200000, 0x0000000080200000|100%|HC|  |TAMS 0x0000000080100000| PB 0x0000000080100000| Complete 
|   2|0x0000000080200000, 0x0000000080300000, 0x0000000080300000|100%|HC|  |TAMS 0x0000000080200000| PB 0x0000000080200000| Complete 
|   3|0x0000000080300000, 0x0000000080400000, 0x0000000080400000|100%| O|  |TAMS 0x0000000080300000| PB 0x0000000080300000| Untracked 
|   4|0x0000000080400000, 0x0000000080500000, 0x0000000080500000|100%| O|  |TAMS 0x0000000080400000| PB 0x0000000080400000| Untracked 
|   5|0x0000000080500000, 0x0000000080600000, 0x0000000080600000|100%| O|  |TAMS 0x0000000080500000| PB 0x0000000080500000| Untracked 
|   6|0x0000000080600000, 0x0000000080700000, 0x0000000080700000|100%|HS|  |TAMS 0x0000000080600000| PB 0x0000000080600000| Complete 
|   7|0x0000000080700000, 0x0000000080800000, 0x0000000080800000|100%| O|  |TAMS 0x0000000080700000| PB 0x0000000080700000| Untracked 
|   8|0x0000000080800000, 0x0000000080900000, 0x0000000080900000|100%| O|  |TAMS 0x0000000080800000| PB 0x0000000080800000| Untracked 
|   9|0x0000000080900000, 0x0000000080a00000, 0x0000000080a00000|100%| O|  |TAMS 0x0000000080900000| PB 0x0000000080900000| Untracked 
|  10|0x0000000080a00000, 0x0000000080b00000, 0x0000000080b00000|100%| O|  |TAMS 0x0000000080a00000| PB 0x0000000080a00000| Untracked 
|  11|0x0000000080b00000, 0x0000000080c00000, 0x0000000080c00000|100%| O|  |TAMS 0x0000000080b00000| PB 0x0000000080b00000| Untracked 
|  12|0x0000000080c00000, 0x0000000080d00000, 0x0000000080d00000|100%| O|  |TAMS 0x0000000080c00000| PB 0x0000000080c00000| Untracked 
|  13|0x0000000080d00000, 0x0000000080e00000, 0x0000000080e00000|100%| O|  |TAMS 0x0000000080d00000| PB 0x0000000080d00000| Untracked 
|  14|0x0000000080e00000, 0x0000000080f00000, 0x0000000080f00000|100%| O|  |TAMS 0x0000000080e00000| PB 0x0000000080e00000| Untracked 
|  15|0x0000000080f00000, 0x0000000081000000, 0x0000000081000000|100%| O|  |TAMS 0x0000000080f00000| PB 0x0000000080f00000| Untracked 
|  16|0x0000000081000000, 0x0000000081100000, 0x0000000081100000|100%| O|  |TAMS 0x0000000081000000| PB 0x0000000081000000| Untracked 
|  17|0x0000000081100000, 0x0000000081200000, 0x0000000081200000|100%| O|  |TAMS 0x0000000081100000| PB 0x0000000081100000| Untracked 
|  18|0x0000000081200000, 0x0000000081300000, 0x0000000081300000|100%| O|  |TAMS 0x0000000081200000| PB 0x0000000081200000| Untracked 
|  19|0x0000000081300000, 0x0000000081400000, 0x0000000081400000|100%| O|  |TAMS 0x0000000081300000| PB 0x0000000081300000| Untracked 
|  20|0x0000000081400000, 0x0000000081500000, 0x0000000081500000|100%| O|  |TAMS 0x0000000081400000| PB 0x0000000081400000| Untracked 
|  21|0x0000000081500000, 0x0000000081600000, 0x0000000081600000|100%| O|  |TAMS 0x0000000081500000| PB 0x0000000081500000| Untracked 
|  22|0x0000000081600000, 0x0000000081700000, 0x0000000081700000|100%| O|  |TAMS 0x0000000081600000| PB 0x0000000081600000| Untracked 
|  23|0x0000000081700000, 0x0000000081800000, 0x0000000081800000|100%| O|Cm|TAMS 0x0000000081700000| PB 0x0000000081700000| Complete 
|  24|0x0000000081800000, 0x0000000081900000, 0x0000000081900000|100%| O|  |TAMS 0x0000000081800000| PB 0x0000000081800000| Untracked 
|  25|0x0000000081900000, 0x0000000081a00000, 0x0000000081a00000|100%| O|  |TAMS 0x0000000081900000| PB 0x0000000081900000| Untracked 
|  26|0x0000000081a00000, 0x0000000081b00000, 0x0000000081b00000|100%| O|  |TAMS 0x0000000081a00000| PB 0x0000000081a00000| Untracked 
|  27|0x0000000081b00000, 0x0000000081c00000, 0x0000000081c00000|100%| O|  |TAMS 0x0000000081b00000| PB 0x0000000081b00000| Untracked 
|  28|0x0000000081c00000, 0x0000000081d00000, 0x0000000081d00000|100%| O|  |TAMS 0x0000000081c00000| PB 0x0000000081c00000| Untracked 
|  29|0x0000000081d00000, 0x0000000081e00000, 0x0000000081e00000|100%| O|  |TAMS 0x0000000081d00000| PB 0x0000000081d00000| Untracked 
|  30|0x0000000081e00000, 0x0000000081f00000, 0x0000000081f00000|100%| O|  |TAMS 0x0000000081e00000| PB 0x0000000081e00000| Untracked 
|  31|0x0000000081f00000, 0x0000000082000000, 0x0000000082000000|100%| O|  |TAMS 0x0000000081f00000| PB 0x0000000081f00000| Untracked 
|  32|0x0000000082000000, 0x0000000082100000, 0x0000000082100000|100%| O|  |TAMS 0x0000000082000000| PB 0x0000000082000000| Untracked 
|  33|0x0000000082100000, 0x0000000082200000, 0x0000000082200000|100%| O|  |TAMS 0x0000000082100000| PB 0x0000000082100000| Untracked 
|  34|0x0000000082200000, 0x0000000082300000, 0x0000000082300000|100%| O|  |TAMS 0x0000000082200000| PB 0x0000000082200000| Untracked 
|  35|0x0000000082300000, 0x000000008232cc60, 0x0000000082400000| 17%| O|  |TAMS 0x0000000082300000| PB 0x0000000082300000| Untracked 
|  36|0x0000000082400000, 0x0000000082500000, 0x0000000082500000|100%| O|  |TAMS 0x0000000082400000| PB 0x0000000082400000| Untracked 
|  37|0x0000000082500000, 0x0000000082600000, 0x0000000082600000|100%| O|  |TAMS 0x0000000082500000| PB 0x0000000082500000| Untracked 
|  38|0x0000000082600000, 0x0000000082700000, 0x0000000082700000|100%| O|  |TAMS 0x0000000082600000| PB 0x0000000082600000| Untracked 
|  39|0x0000000082700000, 0x0000000082700000, 0x0000000082800000|  0%| F|  |TAMS 0x0000000082700000| PB 0x0000000082700000| Untracked 
|  40|0x0000000082800000, 0x0000000082900000, 0x0000000082900000|100%| O|  |TAMS 0x0000000082800000| PB 0x0000000082800000| Untracked 
|  41|0x0000000082900000, 0x0000000082a00000, 0x0000000082a00000|100%| O|  |TAMS 0x0000000082900000| PB 0x0000000082900000| Untracked 
|  42|0x0000000082a00000, 0x0000000082b00000, 0x0000000082b00000|100%| O|Cm|TAMS 0x0000000082a00000| PB 0x0000000082a00000| Complete 
|  43|0x0000000082b00000, 0x0000000082c00000, 0x0000000082c00000|100%| O|  |TAMS 0x0000000082b00000| PB 0x0000000082b00000| Untracked 
|  44|0x0000000082c00000, 0x0000000082d00000, 0x0000000082d00000|100%| O|  |TAMS 0x0000000082c00000| PB 0x0000000082c00000| Untracked 
|  45|0x0000000082d00000, 0x0000000082d00000, 0x0000000082e00000|  0%| F|  |TAMS 0x0000000082d00000| PB 0x0000000082d00000| Untracked 
|  46|0x0000000082e00000, 0x0000000082e00000, 0x0000000082f00000|  0%| F|  |TAMS 0x0000000082e00000| PB 0x0000000082e00000| Untracked 
|  47|0x0000000082f00000, 0x0000000082f00000, 0x0000000083000000|  0%| F|  |TAMS 0x0000000082f00000| PB 0x0000000082f00000| Untracked 
|  48|0x0000000083000000, 0x0000000083000000, 0x0000000083100000|  0%| F|  |TAMS 0x0000000083000000| PB 0x0000000083000000| Untracked 
|  49|0x0000000083100000, 0x0000000083100000, 0x0000000083200000|  0%| F|  |TAMS 0x0000000083100000| PB 0x0000000083100000| Untracked 
|  50|0x0000000083200000, 0x0000000083200000, 0x0000000083300000|  0%| F|  |TAMS 0x0000000083200000| PB 0x0000000083200000| Untracked 
|  51|0x0000000083300000, 0x0000000083300000, 0x0000000083400000|  0%| F|  |TAMS 0x0000000083300000| PB 0x0000000083300000| Untracked 
|  52|0x0000000083400000, 0x0000000083400000, 0x0000000083500000|  0%| F|  |TAMS 0x0000000083400000| PB 0x0000000083400000| Untracked 
|  53|0x0000000083500000, 0x00000000835d9f20, 0x0000000083600000| 85%| S|CS|TAMS 0x0000000083500000| PB 0x0000000083500000| Complete 
|  54|0x0000000083600000, 0x0000000083700000, 0x0000000083700000|100%| S|CS|TAMS 0x0000000083600000| PB 0x0000000083600000| Complete 
|  55|0x0000000083700000, 0x0000000083800000, 0x0000000083800000|100%| S|CS|TAMS 0x0000000083700000| PB 0x0000000083700000| Complete 
|  56|0x0000000083800000, 0x0000000083800000, 0x0000000083900000|  0%| F|  |TAMS 0x0000000083800000| PB 0x0000000083800000| Untracked 
|  57|0x0000000083900000, 0x0000000083900000, 0x0000000083a00000|  0%| F|  |TAMS 0x0000000083900000| PB 0x0000000083900000| Untracked 
|  58|0x0000000083a00000, 0x0000000083a00000, 0x0000000083b00000|  0%| F|  |TAMS 0x0000000083a00000| PB 0x0000000083a00000| Untracked 
|  59|0x0000000083b00000, 0x0000000083b00000, 0x0000000083c00000|  0%| F|  |TAMS 0x0000000083b00000| PB 0x0000000083b00000| Untracked 
|  60|0x0000000083c00000, 0x0000000083c00000, 0x0000000083d00000|  0%| F|  |TAMS 0x0000000083c00000| PB 0x0000000083c00000| Untracked 
|  61|0x0000000083d00000, 0x0000000083d00000, 0x0000000083e00000|  0%| F|  |TAMS 0x0000000083d00000| PB 0x0000000083d00000| Untracked 
|  62|0x0000000083e00000, 0x0000000083e00000, 0x0000000083f00000|  0%| F|  |TAMS 0x0000000083e00000| PB 0x0000000083e00000| Untracked 
|  63|0x0000000083f00000, 0x0000000083f00000, 0x0000000084000000|  0%| F|  |TAMS 0x0000000083f00000| PB 0x0000000083f00000| Untracked 
|  64|0x0000000084000000, 0x0000000084000000, 0x0000000084100000|  0%| F|  |TAMS 0x0000000084000000| PB 0x0000000084000000| Untracked 
|  65|0x0000000084100000, 0x0000000084100000, 0x0000000084200000|  0%| F|  |TAMS 0x0000000084100000| PB 0x0000000084100000| Untracked 
|  66|0x0000000084200000, 0x0000000084200000, 0x0000000084300000|  0%| F|  |TAMS 0x0000000084200000| PB 0x0000000084200000| Untracked 
|  67|0x0000000084300000, 0x0000000084300000, 0x0000000084400000|  0%| F|  |TAMS 0x0000000084300000| PB 0x0000000084300000| Untracked 
|  68|0x0000000084400000, 0x00000000844bd7f8, 0x0000000084500000| 74%| E|  |TAMS 0x0000000084400000| PB 0x0000000084400000| Complete 
|  69|0x0000000084500000, 0x0000000084600000, 0x0000000084600000|100%| E|CS|TAMS 0x0000000084500000| PB 0x0000000084500000| Complete 
|  70|0x0000000084600000, 0x0000000084700000, 0x0000000084700000|100%| E|CS|TAMS 0x0000000084600000| PB 0x0000000084600000| Complete 
|  71|0x0000000084700000, 0x0000000084800000, 0x0000000084800000|100%| E|  |TAMS 0x0000000084700000| PB 0x0000000084700000| Complete 
|  72|0x0000000084800000, 0x0000000084900000, 0x0000000084900000|100%| E|CS|TAMS 0x0000000084800000| PB 0x0000000084800000| Complete 
|  73|0x0000000084900000, 0x0000000084a00000, 0x0000000084a00000|100%| E|CS|TAMS 0x0000000084900000| PB 0x0000000084900000| Complete 
|  74|0x0000000084a00000, 0x0000000084b00000, 0x0000000084b00000|100%| E|CS|TAMS 0x0000000084a00000| PB 0x0000000084a00000| Complete 
| 102|0x0000000086600000, 0x0000000086700000, 0x0000000086700000|100%| E|CS|TAMS 0x0000000086600000| PB 0x0000000086600000| Complete 
| 103|0x0000000086700000, 0x0000000086800000, 0x0000000086800000|100%| E|CS|TAMS 0x0000000086700000| PB 0x0000000086700000| Complete 
| 104|0x0000000086800000, 0x0000000086900000, 0x0000000086900000|100%| E|CS|TAMS 0x0000000086800000| PB 0x0000000086800000| Complete 
| 125|0x0000000087d00000, 0x0000000087e00000, 0x0000000087e00000|100%| E|CS|TAMS 0x0000000087d00000| PB 0x0000000087d00000| Complete 

Card table byte_map: [0x000001fff6970000,0x000001fff6d70000] _byte_map_base: 0x000001fff6570000

Marking Bits: (CMBitMap*) 0x000001fff3468540
 Bits: [0x000001fff6d70000, 0x000001fff8d70000)

Polling page: 0x000001fff2be0000

Metaspace:

Usage:
  Non-class:     56.37 MB used.
      Class:      8.83 MB used.
       Both:     65.20 MB used.

Virtual space:
  Non-class space:       64.00 MB reserved,      57.19 MB ( 89%) committed,  1 nodes.
      Class space:        1.00 GB reserved,       9.62 MB ( <1%) committed,  1 nodes.
             Both:        1.06 GB reserved,      66.81 MB (  6%) committed. 

Chunk freelists:
   Non-Class:  6.02 MB
       Class:  6.25 MB
        Both:  12.27 MB

MaxMetaspaceSize: unlimited
CompressedClassSpaceSize: 1.00 GB
Initial GC threshold: 21.00 MB
Current GC threshold: 111.38 MB
CDS: off
 - commit_granule_bytes: 65536.
 - commit_granule_words: 8192.
 - virtual_space_node_default_size: 8388608.
 - enlarge_chunks_in_place: 1.
 - use_allocation_guard: 0.


Internal statistics:

num_allocs_failed_limit: 6.
num_arena_births: 3090.
num_arena_deaths: 0.
num_vsnodes_births: 2.
num_vsnodes_deaths: 0.
num_space_committed: 1069.
num_space_uncommitted: 0.
num_chunks_returned_to_freelist: 6.
num_chunks_taken_from_freelist: 5820.
num_chunk_merges: 6.
num_chunk_splits: 3762.
num_chunks_enlarged: 2337.
num_inconsistent_stats: 0.

CodeHeap 'non-profiled nmethods': size=120000Kb used=3594Kb max_used=3648Kb free=116405Kb
 bounds [0x000001ff87ad0000, 0x000001ff87e70000, 0x000001ff8f000000]
CodeHeap 'profiled nmethods': size=120000Kb used=12464Kb max_used=12879Kb free=107535Kb
 bounds [0x000001ff80000000, 0x000001ff80ca0000, 0x000001ff87530000]
CodeHeap 'non-nmethods': size=5760Kb used=1985Kb max_used=2022Kb free=3774Kb
 bounds [0x000001ff87530000, 0x000001ff877a0000, 0x000001ff87ad0000]
 total_blobs=7664 nmethods=6906 adapters=663
 compilation: enabled
              stopped_count=0, restarted_count=0
 full_count=0

Compilation events (20 events):
Event: 224.142 Thread 0x000001ff9308f320 nmethod 8035 0x000001ff80c90f10 code [0x000001ff80c91120, 0x000001ff80c91760]
Event: 224.142 Thread 0x000001ff930461c0 8033       4       sun.nio.fs.WindowsFileAttributes::isSymbolicLink (15 bytes)
Event: 224.143 Thread 0x000001ff930461c0 nmethod 8033 0x000001ff87e5ff90 code [0x000001ff87e60120, 0x000001ff87e601d0]
Event: 224.148 Thread 0x000001ff9308f320 8036       3       org.gradle.internal.execution.steps.IdentityCacheStep::executeDeferred (11 bytes)
Event: 224.149 Thread 0x000001ff9308f320 nmethod 8036 0x000001ff80c91990 code [0x000001ff80c91b40, 0x000001ff80c91d60]
Event: 224.149 Thread 0x000001ff9308f320 8037       3       org.gradle.internal.execution.steps.IdentityCacheStep::executeDeferred (61 bytes)
Event: 224.154 Thread 0x000001ff9308f320 nmethod 8037 0x000001ff80c91e10 code [0x000001ff80c92140, 0x000001ff80c93720]
Event: 224.230 Thread 0x000001ff930461c0 8038       4       org.gradle.tooling.internal.provider.runner.PluginApplicationTracker::finished (1 bytes)
Event: 224.231 Thread 0x000001ff930461c0 nmethod 8038 0x000001ff87ade090 code [0x000001ff87ade220, 0x000001ff87ade2a8]
Event: 224.261 Thread 0x000001ff930461c0 8039       4       org.gradle.tooling.internal.provider.runner.TaskOriginTracker::finished (1 bytes)
Event: 224.262 Thread 0x000001ff930461c0 nmethod 8039 0x000001ff87bfe410 code [0x000001ff87bfe5a0, 0x000001ff87bfe628]
Event: 224.272 Thread 0x000001ff930461c0 8040   !   4       java.util.concurrent.ConcurrentHashMap::replaceNode (437 bytes)
Event: 224.299 Thread 0x000001ff9308f320 8041   !   3       java.util.concurrent.ConcurrentHashMap::putVal (432 bytes)
Event: 224.306 Thread 0x000001ff9308f320 nmethod 8041 0x000001ff801b2090 code [0x000001ff801b2420, 0x000001ff801b3e60]
Event: 224.325 Thread 0x000001ff930461c0 nmethod 8040 0x000001ff87d92490 code [0x000001ff87d92660, 0x000001ff87d92f50]
Event: 224.325 Thread 0x000001ff930461c0 8042       4       com.google.common.cache.LocalCache$AccessQueue::peek (5 bytes)
Event: 224.328 Thread 0x000001ff930461c0 nmethod 8042 0x000001ff87bfdf90 code [0x000001ff87bfe120, 0x000001ff87bfe1f8]
Event: 224.339 Thread 0x000001ff930461c0 8043       4       java.util.stream.Sink$ChainedReference::begin (11 bytes)
Event: 224.340 Thread 0x000001ff930461c0 nmethod 8043 0x000001ff87d2e190 code [0x000001ff87d2e320, 0x000001ff87d2e3d0]
Event: 224.365 Thread 0x000001ff930461c0 8044       4       sun.nio.fs.WindowsPathParser::parse (504 bytes)

GC Heap History (20 events):
Event: 158.764 GC heap before
{Heap before GC invocations=13 (full 0):
 garbage-first heap   total 68608K, used 60306K [0x0000000080000000, 0x0000000100000000)
  region size 1024K, 27 young (27648K), 2 survivors (2048K)
 Metaspace       used 51430K, committed 52928K, reserved 1114112K
  class space    used 6995K, committed 7744K, reserved 1048576K
}
Event: 158.780 GC heap after
{Heap after GC invocations=14 (full 0):
 garbage-first heap   total 68608K, used 36021K [0x0000000080000000, 0x0000000100000000)
  region size 1024K, 4 young (4096K), 4 survivors (4096K)
 Metaspace       used 51430K, committed 52928K, reserved 1114112K
  class space    used 6995K, committed 7744K, reserved 1048576K
}
Event: 170.792 GC heap before
{Heap before GC invocations=15 (full 0):
 garbage-first heap   total 68608K, used 60597K [0x0000000080000000, 0x0000000100000000)
  region size 1024K, 27 young (27648K), 4 survivors (4096K)
 Metaspace       used 55276K, committed 56768K, reserved 1114112K
  class space    used 7437K, committed 8192K, reserved 1048576K
}
Event: 170.812 GC heap after
{Heap after GC invocations=16 (full 0):
 garbage-first heap   total 68608K, used 36590K [0x0000000080000000, 0x0000000100000000)
  region size 1024K, 2 young (2048K), 2 survivors (2048K)
 Metaspace       used 55276K, committed 56768K, reserved 1114112K
  class space    used 7437K, committed 8192K, reserved 1048576K
}
Event: 178.692 GC heap before
{Heap before GC invocations=16 (full 0):
 garbage-first heap   total 68608K, used 62190K [0x0000000080000000, 0x0000000100000000)
  region size 1024K, 27 young (27648K), 2 survivors (2048K)
 Metaspace       used 58854K, committed 60352K, reserved 1114112K
  class space    used 7944K, committed 8704K, reserved 1048576K
}
Event: 178.709 GC heap after
{Heap after GC invocations=17 (full 0):
 garbage-first heap   total 68608K, used 37467K [0x0000000080000000, 0x0000000100000000)
  region size 1024K, 4 young (4096K), 4 survivors (4096K)
 Metaspace       used 58854K, committed 60352K, reserved 1114112K
  class space    used 7944K, committed 8704K, reserved 1048576K
}
Event: 190.323 GC heap before
{Heap before GC invocations=17 (full 0):
 garbage-first heap   total 68608K, used 57947K [0x0000000080000000, 0x0000000100000000)
  region size 1024K, 25 young (25600K), 4 survivors (4096K)
 Metaspace       used 61809K, committed 63360K, reserved 1114112K
  class space    used 8402K, committed 9152K, reserved 1048576K
}
Event: 190.350 GC heap after
{Heap after GC invocations=18 (full 0):
 garbage-first heap   total 68608K, used 39164K [0x0000000080000000, 0x0000000100000000)
  region size 1024K, 4 young (4096K), 4 survivors (4096K)
 Metaspace       used 61809K, committed 63360K, reserved 1114112K
  class space    used 8402K, committed 9152K, reserved 1048576K
}
Event: 201.753 GC heap before
{Heap before GC invocations=19 (full 0):
 garbage-first heap   total 68608K, used 59644K [0x0000000080000000, 0x0000000100000000)
  region size 1024K, 24 young (24576K), 4 survivors (4096K)
 Metaspace       used 64330K, committed 66048K, reserved 1114112K
  class space    used 8796K, committed 9664K, reserved 1048576K
}
Event: 201.768 GC heap after
{Heap after GC invocations=20 (full 0):
 garbage-first heap   total 68608K, used 40775K [0x0000000080000000, 0x0000000100000000)
  region size 1024K, 2 young (2048K), 2 survivors (2048K)
 Metaspace       used 64330K, committed 66048K, reserved 1114112K
  class space    used 8796K, committed 9664K, reserved 1048576K
}
Event: 208.921 GC heap before
{Heap before GC invocations=20 (full 0):
 garbage-first heap   total 68608K, used 60231K [0x0000000080000000, 0x0000000100000000)
  region size 1024K, 22 young (22528K), 2 survivors (2048K)
 Metaspace       used 65796K, committed 67456K, reserved 1114112K
  class space    used 8971K, committed 9792K, reserved 1048576K
}
Event: 208.946 GC heap after
{Heap after GC invocations=21 (full 0):
 garbage-first heap   total 68608K, used 42833K [0x0000000080000000, 0x0000000100000000)
  region size 1024K, 3 young (3072K), 3 survivors (3072K)
 Metaspace       used 65796K, committed 67456K, reserved 1114112K
  class space    used 8971K, committed 9792K, reserved 1048576K
}
Event: 214.610 GC heap before
{Heap before GC invocations=21 (full 0):
 garbage-first heap   total 68608K, used 60241K [0x0000000080000000, 0x0000000100000000)
  region size 1024K, 21 young (21504K), 3 survivors (3072K)
 Metaspace       used 66198K, committed 67904K, reserved 1114112K
  class space    used 9015K, committed 9856K, reserved 1048576K
}
Event: 214.636 GC heap after
{Heap after GC invocations=22 (full 0):
 garbage-first heap   total 68608K, used 46232K [0x0000000080000000, 0x0000000100000000)
  region size 1024K, 3 young (3072K), 3 survivors (3072K)
 Metaspace       used 66198K, committed 67904K, reserved 1114112K
  class space    used 9015K, committed 9856K, reserved 1048576K
}
Event: 217.228 GC heap before
{Heap before GC invocations=23 (full 0):
 garbage-first heap   total 78848K, used 59544K [0x0000000080000000, 0x0000000100000000)
  region size 1024K, 16 young (16384K), 3 survivors (3072K)
 Metaspace       used 66301K, committed 68032K, reserved 1114112K
  class space    used 9015K, committed 9856K, reserved 1048576K
}
Event: 217.240 GC heap after
{Heap after GC invocations=24 (full 0):
 garbage-first heap   total 78848K, used 46355K [0x0000000080000000, 0x0000000100000000)
  region size 1024K, 2 young (2048K), 2 survivors (2048K)
 Metaspace       used 66301K, committed 68032K, reserved 1114112K
  class space    used 9015K, committed 9856K, reserved 1048576K
}
Event: 220.789 GC heap before
{Heap before GC invocations=24 (full 0):
 garbage-first heap   total 78848K, used 68883K [0x0000000080000000, 0x0000000100000000)
  region size 1024K, 25 young (25600K), 2 survivors (2048K)
 Metaspace       used 66646K, committed 68352K, reserved 1114112K
  class space    used 9042K, committed 9856K, reserved 1048576K
}
Event: 220.803 GC heap after
{Heap after GC invocations=25 (full 0):
 garbage-first heap   total 78848K, used 46373K [0x0000000080000000, 0x0000000100000000)
  region size 1024K, 4 young (4096K), 4 survivors (4096K)
 Metaspace       used 66646K, committed 68352K, reserved 1114112K
  class space    used 9042K, committed 9856K, reserved 1048576K
}
Event: 223.875 GC heap before
{Heap before GC invocations=25 (full 0):
 garbage-first heap   total 78848K, used 66853K [0x0000000080000000, 0x0000000100000000)
  region size 1024K, 25 young (25600K), 4 survivors (4096K)
 Metaspace       used 66762K, committed 68416K, reserved 1114112K
  class space    used 9042K, committed 9856K, reserved 1048576K
}
Event: 223.889 GC heap after
{Heap after GC invocations=26 (full 0):
 garbage-first heap   total 78848K, used 47130K [0x0000000080000000, 0x0000000100000000)
  region size 1024K, 3 young (3072K), 3 survivors (3072K)
 Metaspace       used 66762K, committed 68416K, reserved 1114112K
  class space    used 9042K, committed 9856K, reserved 1048576K
}

Dll operation events (3 events):
Event: 0.066 Loaded shared library C:\Program Files\Android\Android Studio\jbr\bin\java.dll
Event: 0.093 Loaded shared library C:\Program Files\Android\Android Studio\jbr\bin\zip.dll
Event: 5.955 Loaded shared library C:\Program Files\Android\Android Studio\jbr\bin\verify.dll

Deoptimization events (20 events):
Event: 223.941 Thread 0x000001ff9575c8b0 DEOPT PACKING pc=0x000001ff87ba2b1c sp=0x000000f227dfd920
Event: 223.941 Thread 0x000001ff95759ac0 DEOPT PACKING pc=0x000001ff87e573fc sp=0x000000f227cfdd30
Event: 223.941 Thread 0x000001ff9575c8b0 DEOPT UNPACKING pc=0x000001ff8758469c sp=0x000000f227dfd8a8 mode 2
Event: 223.941 Thread 0x000001ff95759ac0 DEOPT UNPACKING pc=0x000001ff8758469c sp=0x000000f227cfdc88 mode 2
Event: 223.942 Thread 0x000001ff9575c8b0 Uncommon trap: trap_request=0xffffffde fr.pc=0x000001ff87e573fc relative=0x00000000000002bc
Event: 223.942 Thread 0x000001ff9575c8b0 Uncommon trap: reason=class_check action=maybe_recompile pc=0x000001ff87e573fc method=java.util.concurrent.ConcurrentHashMap.get(Ljava/lang/Object;)Ljava/lang/Object; @ 93 c2
Event: 223.942 Thread 0x000001ff9575c8b0 DEOPT PACKING pc=0x000001ff87e573fc sp=0x000000f227dfdb90
Event: 223.942 Thread 0x000001ff95759ac0 Uncommon trap: trap_request=0xffffffde fr.pc=0x000001ff87e573fc relative=0x00000000000002bc
Event: 223.942 Thread 0x000001ff9575c8b0 DEOPT UNPACKING pc=0x000001ff8758469c sp=0x000000f227dfdae8 mode 2
Event: 223.942 Thread 0x000001ff95759ac0 Uncommon trap: reason=class_check action=maybe_recompile pc=0x000001ff87e573fc method=java.util.concurrent.ConcurrentHashMap.get(Ljava/lang/Object;)Ljava/lang/Object; @ 93 c2
Event: 223.942 Thread 0x000001ff95759ac0 DEOPT PACKING pc=0x000001ff87e573fc sp=0x000000f227cfdd30
Event: 223.942 Thread 0x000001ff95759ac0 DEOPT UNPACKING pc=0x000001ff8758469c sp=0x000000f227cfdc88 mode 2
Event: 223.990 Thread 0x000001ff93c8d550 Uncommon trap: trap_request=0xffffffde fr.pc=0x000001ff87e573fc relative=0x00000000000002bc
Event: 223.990 Thread 0x000001ff93c8d550 Uncommon trap: reason=class_check action=maybe_recompile pc=0x000001ff87e573fc method=java.util.concurrent.ConcurrentHashMap.get(Ljava/lang/Object;)Ljava/lang/Object; @ 93 c2
Event: 223.990 Thread 0x000001ff93c8d550 DEOPT PACKING pc=0x000001ff87e573fc sp=0x000000f226af78d0
Event: 223.990 Thread 0x000001ff93c8d550 DEOPT UNPACKING pc=0x000001ff8758469c sp=0x000000f226af7828 mode 2
Event: 224.214 Thread 0x000001ff9575c8b0 Uncommon trap: trap_request=0xffffff45 fr.pc=0x000001ff87e54a2c relative=0x00000000000010ec
Event: 224.214 Thread 0x000001ff9575c8b0 Uncommon trap: reason=unstable_if action=reinterpret pc=0x000001ff87e54a2c method=java.util.concurrent.ConcurrentHashMap.addCount(JI)V @ 97 c2
Event: 224.214 Thread 0x000001ff9575c8b0 DEOPT PACKING pc=0x000001ff87e54a2c sp=0x000000f227dfd070
Event: 224.214 Thread 0x000001ff9575c8b0 DEOPT UNPACKING pc=0x000001ff8758469c sp=0x000000f227dfcf40 mode 2

Classes loaded (20 events):
Event: 199.920 Loading class jdk/internal/access/JavaObjectInputFilterAccess
Event: 199.920 Loading class jdk/internal/access/JavaObjectInputFilterAccess done
Event: 199.922 Loading class java/lang/System$Logger$Level
Event: 199.923 Loading class java/lang/System$Logger$Level done
Event: 199.929 Loading class jdk/internal/event/DeserializationEvent
Event: 199.930 Loading class jdk/internal/event/DeserializationEvent done
Event: 199.931 Loading class java/io/ObjectInputStream$FieldValues
Event: 199.932 Loading class java/io/ObjectInputStream$GetField
Event: 199.933 Loading class java/io/ObjectInputStream$GetField done
Event: 199.933 Loading class java/io/ObjectInputStream$FieldValues done
Event: 199.989 Loading class sun/reflect/ReflectionFactory
Event: 199.990 Loading class sun/reflect/ReflectionFactory done
Event: 199.990 Loading class sun/reflect/ReflectionFactory$1
Event: 199.990 Loading class sun/reflect/ReflectionFactory$1 done
Event: 205.744 Loading class java/util/Collections$ReverseComparator
Event: 205.745 Loading class java/util/Collections$ReverseComparator done
Event: 205.745 Loading class java/util/Collections$ReverseComparator2
Event: 205.745 Loading class java/util/Collections$ReverseComparator2 done
Event: 218.180 Loading class java/lang/foreign/MemorySegment
Event: 218.182 Loading class java/lang/foreign/MemorySegment done

Classes unloaded (0 events):
No events

Classes redefined (0 events):
No events

Internal exceptions (20 events):
Event: 192.153 Thread 0x000001ff93c8d550 Exception <a 'java/lang/NoSuchMethodError'{0x00000000867c0700}: 'long java.lang.invoke.DirectMethodHandle$Holder.invokeStatic(java.lang.Object, long)'> (0x00000000867c0700) 
thrown [s\src\hotspot\share\interpreter\linkResolver.cpp, line 784]
Event: 192.601 Thread 0x000001ff93c8d550 Implicit null exception at 0x000001ff87b9b7cb to 0x000001ff87b9bb24
Event: 194.156 Thread 0x000001ff93c8d550 Exception <a 'java/lang/NoSuchMethodError'{0x0000000083d802b8}: 'java.lang.Object java.lang.invoke.DirectMethodHandle$Holder.invokeInterface(java.lang.Object, java.lang.Object, int)'> (0x0000000083d802b8) 
thrown [s\src\hotspot\share\interpreter\linkResolver.cpp, line 784]
Event: 196.119 Thread 0x000001ff93c8d550 Exception <a 'java/lang/NoSuchMethodError'{0x00000000839f41e0}: 'java.lang.Object java.lang.invoke.DirectMethodHandle$Holder.invokeVirtual(java.lang.Object, java.lang.Object, java.lang.Object, java.lang.Object, java.lang.Object, java.lang.Object, java.lang.Object, java.lang.Object, java.lang.Object, java.lang.Object, java.lang.Object, java.lang.Object, java.lang.Object, java.lang.Object, java.lang.Object, java.lang.Object, java.lang.Object)'> (0x00000000839f41e0) 
thrown [s\src\hotspot\share\interpreter\li
Event: 196.127 Thread 0x000001ff93c8d550 Exception <a 'java/lang/NoSuchMethodError'{0x00000000839fa1e8}: 'java.lang.Object java.lang.invoke.DirectMethodHandle$Holder.invokeSpecial(java.lang.Object, java.lang.Object, java.lang.Object, java.lang.Object, java.lang.Object, java.lang.Object, java.lang.Object, java.lang.Object, java.lang.Object, java.lang.Object, java.lang.Object, java.lang.Object, java.lang.Object, java.lang.Object, java.lang.Object, java.lang.Object, java.lang.Object, java.lang.Object)'> (0x00000000839fa1e8) 
thrown [s\src\hotspot\sh
Event: 196.128 Thread 0x000001ff93c8d550 Exception <a 'java/lang/NoSuchMethodError'{0x00000000839ff740}: 'java.lang.Object java.lang.invoke.DelegatingMethodHandle$Holder.reinvoke_L(java.lang.Object, java.lang.Object, java.lang.Object, java.lang.Object, java.lang.Object, java.lang.Object, java.lang.Object, java.lang.Object, java.lang.Object, java.lang.Object, java.lang.Object, java.lang.Object, java.lang.Object, java.lang.Object, java.lang.Object, java.lang.Object, java.lang.Object)'> (0x00000000839ff740) 
thrown [s\src\hotspot\share\interpreter\l
Event: 199.236 Thread 0x000001ff93c8d550 Exception <a 'java/lang/NoSuchMethodError'{0x0000000083436d30}: static Lorg/gradle/api/internal/catalog/DefaultVersionCatalog;.<clinit>()V> (0x0000000083436d30) 
thrown [s\src\hotspot\share\prims\jni.cpp, line 1139]
Event: 199.303 Thread 0x000001ff93c8d550 Exception <a 'java/lang/NoSuchMethodError'{0x0000000083487cb8}: static [Ljava/lang/Object;.<clinit>()V> (0x0000000083487cb8) 
thrown [s\src\hotspot\share\prims\jni.cpp, line 1139]
Event: 199.429 Thread 0x000001ff93c8d550 Exception <a 'java/lang/NoSuchMethodError'{0x00000000834af100}: static Lorg/gradle/api/internal/catalog/DependencyModel;.<clinit>()V> (0x00000000834af100) 
thrown [s\src\hotspot\share\prims\jni.cpp, line 1139]
Event: 199.440 Thread 0x000001ff93c8d550 Exception <a 'java/lang/NoSuchMethodError'{0x00000000834b2e08}: static Lorg/gradle/api/internal/catalog/AbstractContextAwareModel;.<clinit>()V> (0x00000000834b2e08) 
thrown [s\src\hotspot\share\prims\jni.cpp, line 1139]
Event: 199.456 Thread 0x000001ff93c8d550 Exception <a 'java/lang/NoSuchMethodError'{0x00000000834cc610}: static Lorg/gradle/api/internal/artifacts/dependencies/AbstractVersionConstraint;.<clinit>()V> (0x00000000834cc610) 
thrown [s\src\hotspot\share\prims\jni.cpp, line 1139]
Event: 199.741 Thread 0x000001ff93c8d550 Exception <a 'java/lang/NoSuchMethodError'{0x0000000083381460}: static Lorg/gradle/api/internal/catalog/PluginModel;.<clinit>()V> (0x0000000083381460) 
thrown [s\src\hotspot\share\prims\jni.cpp, line 1139]
Event: 199.749 Thread 0x000001ff93c8d550 Exception <a 'java/lang/NoSuchMethodError'{0x0000000083398738}: static Lorg/gradle/api/internal/catalog/VersionModel;.<clinit>()V> (0x0000000083398738) 
thrown [s\src\hotspot\share\prims\jni.cpp, line 1139]
Event: 199.842 Thread 0x000001ff93c8d550 Exception <a 'java/lang/NoSuchMethodError'{0x00000000833b9ea0}: 'void java.lang.invoke.DirectMethodHandle$Holder.invokeSpecial(java.lang.Object, java.lang.Object, java.lang.Object, int)'> (0x00000000833b9ea0) 
thrown [s\src\hotspot\share\interpreter\linkResolver.cpp, line 784]
Event: 201.684 Thread 0x000001ff93c8d550 Exception <a 'java/lang/NoSuchMethodError'{0x0000000082fa7d00}: 'int java.lang.invoke.DirectMethodHandle$Holder.invokeSpecialIFC(java.lang.Object, java.lang.Object, java.lang.Object)'> (0x0000000082fa7d00) 
thrown [s\src\hotspot\share\interpreter\linkResolver.cpp, line 784]
Event: 202.541 Thread 0x000001ff93c8d550 Exception <a 'java/lang/NoSuchMethodError'{0x0000000086638178}: 'java.lang.Object java.lang.invoke.DirectMethodHandle$Holder.invokeSpecial(java.lang.Object, java.lang.Object, java.lang.Object, java.lang.Object, java.lang.Object, long)'> (0x0000000086638178) 
thrown [s\src\hotspot\share\interpreter\linkResolver.cpp, line 784]
Event: 202.581 Thread 0x000001ff93c8d550 Exception <a 'java/lang/NoSuchMethodError'{0x0000000086658f00}: 'void java.lang.invoke.DirectMethodHandle$Holder.invokeStatic(java.lang.Object, java.lang.Object, java.lang.Object, int, java.lang.Object)'> (0x0000000086658f00) 
thrown [s\src\hotspot\share\interpreter\linkResolver.cpp, line 784]
Event: 208.745 Thread 0x000001ff93c8d550 Exception <a 'java/lang/NoSuchMethodError'{0x0000000082f70d18}: 'java.lang.Object java.lang.invoke.DirectMethodHandle$Holder.newInvokeSpecial(java.lang.Object, java.lang.Object, java.lang.Object, java.lang.Object, int, java.lang.Object)'> (0x0000000082f70d18) 
thrown [s\src\hotspot\share\interpreter\linkResolver.cpp, line 784]
Event: 208.748 Thread 0x000001ff93c8d550 Exception <a 'java/lang/NoSuchMethodError'{0x0000000082f795c8}: 'java.lang.Object java.lang.invoke.Invokers$Holder.linkToTargetMethod(java.lang.Object, java.lang.Object, java.lang.Object, int, java.lang.Object, java.lang.Object)'> (0x0000000082f795c8) 
thrown [s\src\hotspot\share\interpreter\linkResolver.cpp, line 784]
Event: 217.902 Thread 0x000001ff93c8d550 Exception <a 'java/lang/NoSuchMethodError'{0x0000000086787fb8}: 'java.lang.Object java.lang.invoke.DirectMethodHandle$Holder.invokeSpecialIFC(java.lang.Object, java.lang.Object, java.lang.Object)'> (0x0000000086787fb8) 
thrown [s\src\hotspot\share\interpreter\linkResolver.cpp, line 784]

ZGC Phase Switch (0 events):
No events

VM Operations (20 events):
Event: 218.242 Executing VM operation: Cleanup
Event: 218.242 Executing VM operation: Cleanup done
Event: 219.242 Executing VM operation: Cleanup
Event: 219.291 Executing VM operation: Cleanup done
Event: 220.299 Executing VM operation: Cleanup
Event: 220.299 Executing VM operation: Cleanup done
Event: 220.774 Executing VM operation: G1CollectForAllocation (G1 Evacuation Pause)
Event: 220.803 Executing VM operation: G1CollectForAllocation (G1 Evacuation Pause) done
Event: 221.815 Executing VM operation: Cleanup
Event: 221.815 Executing VM operation: Cleanup done
Event: 222.823 Executing VM operation: Cleanup
Event: 222.823 Executing VM operation: Cleanup done
Event: 223.827 Executing VM operation: Cleanup
Event: 223.844 Executing VM operation: Cleanup done
Event: 223.875 Executing VM operation: G1CollectForAllocation (G1 Evacuation Pause)
Event: 223.889 Executing VM operation: G1CollectForAllocation (G1 Evacuation Pause) done
Event: 224.181 Executing VM operation: G1PauseRemark
Event: 224.197 Executing VM operation: G1PauseRemark done
Event: 224.302 Executing VM operation: G1PauseCleanup
Event: 224.303 Executing VM operation: G1PauseCleanup done

Memory protections (0 events):
No events

Nmethod flushes (20 events):
Event: 224.193 Thread 0x000001fffb2001f0 flushing  nmethod 0x000001ff80603f90
Event: 224.193 Thread 0x000001fffb2001f0 flushing  nmethod 0x000001ff8065c510
Event: 224.193 Thread 0x000001fffb2001f0 flushing  nmethod 0x000001ff807b5b10
Event: 224.193 Thread 0x000001fffb2001f0 flushing  nmethod 0x000001ff807cb790
Event: 224.193 Thread 0x000001fffb2001f0 flushing  nmethod 0x000001ff807cda10
Event: 224.193 Thread 0x000001fffb2001f0 flushing  nmethod 0x000001ff807ceb90
Event: 224.193 Thread 0x000001fffb2001f0 flushing  nmethod 0x000001ff807d0b10
Event: 224.193 Thread 0x000001fffb2001f0 flushing  nmethod 0x000001ff807d1890
Event: 224.193 Thread 0x000001fffb2001f0 flushing  nmethod 0x000001ff807d3210
Event: 224.193 Thread 0x000001fffb2001f0 flushing  nmethod 0x000001ff807d6810
Event: 224.193 Thread 0x000001fffb2001f0 flushing  nmethod 0x000001ff80802910
Event: 224.193 Thread 0x000001fffb2001f0 flushing  nmethod 0x000001ff808b2310
Event: 224.193 Thread 0x000001fffb2001f0 flushing  nmethod 0x000001ff808dca90
Event: 224.193 Thread 0x000001fffb2001f0 flushing  nmethod 0x000001ff808dd890
Event: 224.193 Thread 0x000001fffb2001f0 flushing  nmethod 0x000001ff808dec90
Event: 224.193 Thread 0x000001fffb2001f0 flushing  nmethod 0x000001ff808e0090
Event: 224.193 Thread 0x000001fffb2001f0 flushing  nmethod 0x000001ff8099d610
Event: 224.193 Thread 0x000001fffb2001f0 flushing  nmethod 0x000001ff80a11610
Event: 224.193 Thread 0x000001fffb2001f0 flushing  nmethod 0x000001ff80a71790
Event: 224.193 Thread 0x000001fffb2001f0 flushing  nmethod 0x000001ff80a71f90

Events (20 events):
Event: 31.769 Thread 0x000001ff954db050 Thread exited: 0x000001ff954db050
Event: 36.476 Thread 0x000001ff93c8d550 Thread added: 0x000001ff94b6e7c0
Event: 37.674 Thread 0x000001ff9308f320 Thread added: 0x000001ff94279420
Event: 38.822 Thread 0x000001ff94279420 Thread exited: 0x000001ff94279420
Event: 39.730 Thread 0x000001ff93c8d550 Thread added: 0x000001ff94b6ee50
Event: 39.993 Thread 0x000001ff93c8d550 Thread added: 0x000001ff94b6f4e0
Event: 46.010 Thread 0x000001ff93c8d550 Thread added: 0x000001ff9575f010
Event: 46.274 Thread 0x000001ff93c8d550 Thread added: 0x000001ff9575f6a0
Event: 60.684 Thread 0x000001ff93c8d550 Thread added: 0x000001ff9575b500
Event: 75.487 Thread 0x000001ff93c8d550 Thread added: 0x000001ff9575d5d0
Event: 85.431 Thread 0x000001ff93c8d550 Thread added: 0x000001ff9575dc60
Event: 207.380 Thread 0x000001ff93c8d550 Thread added: 0x000001ff9575e980
Event: 207.382 Thread 0x000001ff93c8d550 Thread added: 0x000001ff9575fd30
Event: 207.382 Thread 0x000001ff93c8d550 Thread added: 0x000001ff957603c0
Event: 209.719 Thread 0x000001ff93c8d550 Thread added: 0x000001ff95760a50
Event: 209.749 Thread 0x000001ff93c8d550 Thread added: 0x000001ff9575bb90
Event: 209.758 Thread 0x000001ff93c8d550 Thread added: 0x000001ff9575c220
Event: 217.907 Thread 0x000001ff93c8d550 Thread added: 0x000001ff95759ac0
Event: 217.909 Thread 0x000001ff93c8d550 Thread added: 0x000001ff9575c8b0
Event: 217.912 Thread 0x000001ff93c8d550 Thread added: 0x000001ff957610e0


Dynamic libraries:
0x00007ff7dd300000 - 0x00007ff7dd30a000 	C:\Program Files\Android\Android Studio\jbr\bin\java.exe
0x00007ffa3e710000 - 0x00007ffa3e908000 	C:\WINDOWS\SYSTEM32\ntdll.dll
0x00007ffa3dbc0000 - 0x00007ffa3dc82000 	C:\WINDOWS\System32\KERNEL32.DLL
0x00007ffa3bda0000 - 0x00007ffa3c096000 	C:\WINDOWS\System32\KERNELBASE.dll
0x00007ffa3c350000 - 0x00007ffa3c450000 	C:\WINDOWS\System32\ucrtbase.dll
0x00007ffa34e50000 - 0x00007ffa34e6b000 	C:\Program Files\Android\Android Studio\jbr\bin\VCRUNTIME140.dll
0x00007ffa2bb00000 - 0x00007ffa2bb18000 	C:\Program Files\Android\Android Studio\jbr\bin\jli.dll
0x00007ffa3d4e0000 - 0x00007ffa3d681000 	C:\WINDOWS\System32\USER32.dll
0x00007ffa3c0a0000 - 0x00007ffa3c0c2000 	C:\WINDOWS\System32\win32u.dll
0x00007ffa3ca10000 - 0x00007ffa3ca3b000 	C:\WINDOWS\System32\GDI32.dll
0x00007ffa2b830000 - 0x00007ffa2bacb000 	C:\WINDOWS\WinSxS\amd64_microsoft.windows.common-controls_6595b64144ccf1df_6.0.19041.6456_none_60b8a6cb71f64256\COMCTL32.dll
0x00007ffa3c180000 - 0x00007ffa3c299000 	C:\WINDOWS\System32\gdi32full.dll
0x00007ffa3d360000 - 0x00007ffa3d3fe000 	C:\WINDOWS\System32\msvcrt.dll
0x00007ffa3c4e0000 - 0x00007ffa3c57d000 	C:\WINDOWS\System32\msvcp_win.dll
0x00007ffa3deb0000 - 0x00007ffa3dedf000 	C:\WINDOWS\System32\IMM32.DLL
0x00007ffa36700000 - 0x00007ffa3670c000 	C:\Program Files\Android\Android Studio\jbr\bin\vcruntime140_1.dll
0x00007ff9fadd0000 - 0x00007ff9fae5d000 	C:\Program Files\Android\Android Studio\jbr\bin\msvcp140.dll
0x00007ff9f8130000 - 0x00007ff9f8dbb000 	C:\Program Files\Android\Android Studio\jbr\bin\server\jvm.dll
0x00007ffa3dc90000 - 0x00007ffa3dd41000 	C:\WINDOWS\System32\ADVAPI32.dll
0x00007ffa3d770000 - 0x00007ffa3d80f000 	C:\WINDOWS\System32\sechost.dll
0x00007ffa3c8e0000 - 0x00007ffa3ca00000 	C:\WINDOWS\System32\RPCRT4.dll
0x00007ffa3c150000 - 0x00007ffa3c177000 	C:\WINDOWS\System32\bcrypt.dll
0x00007ffa3d690000 - 0x00007ffa3d6fb000 	C:\WINDOWS\System32\WS2_32.dll
0x00007ffa3bc00000 - 0x00007ffa3bc4b000 	C:\WINDOWS\SYSTEM32\POWRPROF.dll
0x00007ffa2a380000 - 0x00007ffa2a3a7000 	C:\WINDOWS\SYSTEM32\WINMM.dll
0x00007ffa2a9e0000 - 0x00007ffa2a9ea000 	C:\WINDOWS\SYSTEM32\VERSION.dll
0x00007ffa3bbe0000 - 0x00007ffa3bbf2000 	C:\WINDOWS\SYSTEM32\UMPDC.dll
0x00007ffa3a280000 - 0x00007ffa3a292000 	C:\WINDOWS\SYSTEM32\kernel.appcore.dll
0x00007ffa35e10000 - 0x00007ffa35e1a000 	C:\Program Files\Android\Android Studio\jbr\bin\jimage.dll
0x00007ffa39f30000 - 0x00007ffa3a131000 	C:\WINDOWS\SYSTEM32\DBGHELP.DLL
0x00007ffa29fa0000 - 0x00007ffa29fd4000 	C:\WINDOWS\SYSTEM32\dbgcore.DLL
0x00007ffa3c450000 - 0x00007ffa3c4d2000 	C:\WINDOWS\System32\bcryptPrimitives.dll
0x00007ffa35e20000 - 0x00007ffa35e2e000 	C:\Program Files\Android\Android Studio\jbr\bin\instrument.dll
0x00007ffa34d60000 - 0x00007ffa34d80000 	C:\Program Files\Android\Android Studio\jbr\bin\java.dll
0x00007ffa34890000 - 0x00007ffa348a8000 	C:\Program Files\Android\Android Studio\jbr\bin\zip.dll
0x00007ffa3cbf0000 - 0x00007ffa3d360000 	C:\WINDOWS\System32\SHELL32.dll
0x00007ffa396b0000 - 0x00007ffa39e55000 	C:\WINDOWS\SYSTEM32\windows.storage.dll
0x00007ffa3e350000 - 0x00007ffa3e6a4000 	C:\WINDOWS\System32\combase.dll
0x00007ffa3b610000 - 0x00007ffa3b63b000 	C:\WINDOWS\SYSTEM32\Wldp.dll
0x00007ffa3d410000 - 0x00007ffa3d4dd000 	C:\WINDOWS\System32\OLEAUT32.dll
0x00007ffa3de00000 - 0x00007ffa3dead000 	C:\WINDOWS\System32\SHCORE.dll
0x00007ffa3d700000 - 0x00007ffa3d75b000 	C:\WINDOWS\System32\shlwapi.dll
0x00007ffa3bcd0000 - 0x00007ffa3bcf4000 	C:\WINDOWS\SYSTEM32\profapi.dll
0x00007ffa35d80000 - 0x00007ffa35d90000 	C:\Program Files\Android\Android Studio\jbr\bin\net.dll
0x00007ffa3acb0000 - 0x00007ffa3adba000 	C:\WINDOWS\SYSTEM32\WINHTTP.dll
0x00007ffa3b3f0000 - 0x00007ffa3b45a000 	C:\WINDOWS\system32\mswsock.dll
0x00007ffa34770000 - 0x00007ffa34786000 	C:\Program Files\Android\Android Studio\jbr\bin\nio.dll
0x00007ffa32580000 - 0x00007ffa32590000 	C:\Program Files\Android\Android Studio\jbr\bin\verify.dll
0x00007ffa35e30000 - 0x00007ffa35e57000 	C:\Users\MoussaNDOUR\.gradle\native\c067742578af261105cb4f569cf0c3c89f3d7b1fecec35dd04571415982c5e48\windows-amd64\native-platform.dll
0x00007ff9f9490000 - 0x00007ff9f95d4000 	C:\Users\MoussaNDOUR\.gradle\native\100fb08df4bc3b14c8652ba06237920a3bd2aa13389f12d3474272988ae205f9\windows-amd64\native-platform-file-events.dll
0x00007ffa32690000 - 0x00007ffa32699000 	C:\Program Files\Android\Android Studio\jbr\bin\management.dll
0x00007ffa32680000 - 0x00007ffa3268b000 	C:\Program Files\Android\Android Studio\jbr\bin\management_ext.dll
0x00007ffa3d400000 - 0x00007ffa3d408000 	C:\WINDOWS\System32\PSAPI.DLL
0x00007ffa3b960000 - 0x00007ffa3b978000 	C:\WINDOWS\SYSTEM32\CRYPTSP.dll
0x00007ffa3ac20000 - 0x00007ffa3ac58000 	C:\WINDOWS\system32\rsaenh.dll
0x00007ffa3bc50000 - 0x00007ffa3bc7e000 	C:\WINDOWS\SYSTEM32\USERENV.dll
0x00007ffa3b580000 - 0x00007ffa3b58c000 	C:\WINDOWS\SYSTEM32\CRYPTBASE.dll
0x00007ffa3b0f0000 - 0x00007ffa3b12b000 	C:\WINDOWS\SYSTEM32\IPHLPAPI.DLL
0x00007ffa3ca00000 - 0x00007ffa3ca08000 	C:\WINDOWS\System32\NSI.dll
0x00007ffa34e40000 - 0x00007ffa34e49000 	C:\Program Files\Android\Android Studio\jbr\bin\extnet.dll
0x00007ffa34aa0000 - 0x00007ffa34aa7000 	C:\WINDOWS\system32\wshunix.dll

dbghelp: loaded successfully - version: 4.0.5 - missing functions: none
symbol engine: initialized successfully - sym options: 0x614 - pdb path: .;C:\Program Files\Android\Android Studio\jbr\bin;C:\WINDOWS\SYSTEM32;C:\WINDOWS\WinSxS\amd64_microsoft.windows.common-controls_6595b64144ccf1df_6.0.19041.6456_none_60b8a6cb71f64256;C:\Program Files\Android\Android Studio\jbr\bin\server;C:\Users\MoussaNDOUR\.gradle\native\c067742578af261105cb4f569cf0c3c89f3d7b1fecec35dd04571415982c5e48\windows-amd64;C:\Users\MoussaNDOUR\.gradle\native\100fb08df4bc3b14c8652ba06237920a3bd2aa13389f12d3474272988ae205f9\windows-amd64

VM Arguments:
jvm_args: --add-opens=java.base/java.lang=ALL-UNNAMED --add-opens=java.base/java.lang.invoke=ALL-UNNAMED --add-opens=java.base/java.util=ALL-UNNAMED --add-opens=java.prefs/java.util.prefs=ALL-UNNAMED --add-exports=jdk.compiler/com.sun.tools.javac.api=ALL-UNNAMED --add-exports=jdk.compiler/com.sun.tools.javac.util=ALL-UNNAMED --add-opens=java.base/java.util=ALL-UNNAMED --add-opens=java.prefs/java.util.prefs=ALL-UNNAMED --add-opens=java.base/java.nio.charset=ALL-UNNAMED --add-opens=java.base/java.net=ALL-UNNAMED --add-opens=java.base/java.util.concurrent.atomic=ALL-UNNAMED --add-opens=java.xml/javax.xml.namespace=ALL-UNNAMED -Xmx2048m -Dfile.encoding=UTF-8 -Duser.country=US -Duser.language=en -Duser.variant -javaagent:C:\Users\MoussaNDOUR\.gradle\wrapper\dists\gradle-8.11.1-bin\bpt9gzteqjrbo1mjrsomdt32c\gradle-8.11.1\lib\agents\gradle-instrumentation-agent-8.11.1.jar 
java_command: org.gradle.launcher.daemon.bootstrap.GradleDaemon 8.11.1
java_class_path (initial): C:\Users\MoussaNDOUR\.gradle\wrapper\dists\gradle-8.11.1-bin\bpt9gzteqjrbo1mjrsomdt32c\gradle-8.11.1\lib\gradle-daemon-main-8.11.1.jar
Launcher Type: SUN_STANDARD

[Global flags]
     intx CICompilerCount                          = 3                                         {product} {ergonomic}
     uint ConcGCThreads                            = 1                                         {product} {ergonomic}
     uint G1ConcRefinementThreads                  = 4                                         {product} {ergonomic}
   size_t G1HeapRegionSize                         = 1048576                                   {product} {ergonomic}
    uintx GCDrainStackTargetSize                   = 64                                        {product} {ergonomic}
   size_t InitialHeapSize                          = 132120576                                 {product} {ergonomic}
   size_t MarkStackSize                            = 4194304                                   {product} {ergonomic}
   size_t MaxHeapSize                              = 2147483648                                {product} {command line}
   size_t MaxNewSize                               = 1287651328                                {product} {ergonomic}
   size_t MinHeapDeltaBytes                        = 1048576                                   {product} {ergonomic}
   size_t MinHeapSize                              = 8388608                                   {product} {ergonomic}
    uintx NonNMethodCodeHeapSize                   = 5832780                                {pd product} {ergonomic}
    uintx NonProfiledCodeHeapSize                  = 122912730                              {pd product} {ergonomic}
    uintx ProfiledCodeHeapSize                     = 122912730                              {pd product} {ergonomic}
    uintx ReservedCodeCacheSize                    = 251658240                              {pd product} {ergonomic}
     bool SegmentedCodeCache                       = true                                      {product} {ergonomic}
   size_t SoftMaxHeapSize                          = 2147483648                             {manageable} {ergonomic}
     bool UseCompressedOops                        = true                           {product lp64_product} {ergonomic}
     bool UseG1GC                                  = true                                      {product} {ergonomic}
     bool UseLargePagesIndividualAllocation        = false                                  {pd product} {ergonomic}

Logging:
Log output configuration:
 #0: stdout all=warning uptime,level,tags foldmultilines=false
 #1: stderr all=off uptime,level,tags foldmultilines=false

Environment Variables:
JAVA_HOME=C:\Program Files\Java\jdk-21
PATH=C:\Program Files\Common Files\Oracle\Java\javapath;C:\WINDOWS\system32;C:\WINDOWS;C:\WINDOWS\System32\Wbem;C:\WINDOWS\System32\WindowsPowerShell\v1.0\;C:\WINDOWS\System32\OpenSSH\;C:\Program Files\nodejs\;C:\Program Files\Git\cmd;C:\Program Files\Java\jdk-21\bin;C:\Users\MoussaNDOUR\AppData\Local\Programs\Python\Python313\python.exe;C:\Users\MoussaNDOUR\AppData\Local\Programs\Python\Python313\Scripts;C:\Windows\System32;C:\Program Files\Apache\apache-maven-3.9.10\bin;C:\Program Files\JetBrains\PyCharm Community Edition 2024.3.1.1\bin\pycharm64.exe;C:\Program Files\cursor\resources\app\bin;C:\Program Files\Docker\Docker\resources\bin;C:\Users\MoussaNDOUR\AppData\Local\Programs\Python\Python313\Scripts\;C:\Users\MoussaNDOUR\AppData\Local\Programs\Python\Python313\;C:\Users\MoussaNDOUR\AppData\Local\Programs\Python\Launcher\;C:\Users\MoussaNDOUR\AppData\Local\Microsoft\WindowsApps;C:\Users\MoussaNDOUR\AppData\Local\Programs\Microsoft VS Code\bin;C:\Users\MoussaNDOUR\AppData\Roaming\npm;C:\Program Files\JetBrains\IntelliJ IDEA Community Edition 2024.3.5\bin;;C:\Windows\System32;
USERNAME=MoussaNDOUR
OS=Windows_NT
PROCESSOR_IDENTIFIER=Intel64 Family 6 Model 76 Stepping 3, GenuineIntel
TMP=C:\Users\MOUSSA~1\AppData\Local\Temp
TEMP=C:\Users\MOUSSA~1\AppData\Local\Temp




Periodic native trim disabled

JNI global refs:
JNI global refs: 26, weak refs: 4

JNI global refs memory usage: 835, weak refs: 833

Process memory usage:
Resident Set Size: 254392K (3% of 8242544K total physical memory with 235456K free physical memory)

OOME stack traces (most recent first):
Classloader memory used:
Loader org.gradle.internal.classloader.VisitableURLClassLoader                         : 33508K
Loader bootstrap                                                                       : 22859K
Loader org.gradle.initialization.MixInLegacyTypesClassLoader                           : 9439K
Loader jdk.internal.loader.ClassLoaders$PlatformClassLoader                            : 499K
Loader jdk.internal.loader.ClassLoaders$AppClassLoader                                 : 234K
Loader org.gradle.internal.classloader.VisitableURLClassLoader                         : 129K
Loader jdk.internal.reflect.DelegatingClassLoader                                      : 96000B

Classes loaded by more than one classloader:
Class Program                                                                         : loaded 3 times (x 68B)
Class org.gradle.internal.classloader.ClassLoaderHierarchy                            : loaded 2 times (x 66B)
Class org.gradle.api.internal.classpath.ManifestUtil                                  : loaded 2 times (x 67B)
Class org.gradle.internal.classloader.DefaultClassLoaderFactory                       : loaded 2 times (x 78B)
Class org.gradle.internal.classloader.ClassLoaderVisitor                              : loaded 2 times (x 72B)
Class org.gradle.api.internal.classpath.EffectiveClassPath                            : loaded 2 times (x 86B)
Class org.gradle.api.internal.DefaultClassPathProvider                                : loaded 2 times (x 72B)
Class [Lorg.gradle.api.internal.ClassPathProvider;                                    : loaded 2 times (x 65B)
Class org.gradle.api.internal.ClassPathProvider                                       : loaded 2 times (x 66B)
Class org.gradle.internal.service.UnknownServiceException                             : loaded 2 times (x 79B)
Class org.gradle.internal.classpath.TransformedClassPath                              : loaded 2 times (x 92B)
Class org.gradle.internal.classloader.InstrumentingClassLoader                        : loaded 2 times (x 66B)
Class org.gradle.internal.service.ServiceLocator                                      : loaded 2 times (x 66B)
Class org.gradle.internal.InternalTransformer                                         : loaded 2 times (x 66B)
Class org.gradle.internal.classloader.ClasspathUtil$1                                 : loaded 2 times (x 72B)
Class org.gradle.api.internal.classpath.DefaultModuleRegistry$DefaultModule           : loaded 2 times (x 82B)
Class org.gradle.api.internal.classpath.Module                                        : loaded 2 times (x 66B)
Class org.gradle.api.internal.classpath.UnknownModuleException                        : loaded 2 times (x 78B)
Class org.gradle.api.internal.DefaultClassPathRegistry                                : loaded 2 times (x 72B)
Class org.gradle.api.internal.ClassPathRegistry                                       : loaded 2 times (x 66B)
Class org.gradle.internal.classpath.DefaultClassPath$ImmutableUniqueList              : loaded 2 times (x 195B)
Class org.gradle.internal.classloader.FilteringClassLoader                            : loaded 2 times (x 101B)
Class Settings_gradle$1                                                               : loaded 2 times (x 70B)
Class org.gradle.internal.classpath.ClassPath                                         : loaded 2 times (x 66B)
Class org.gradle.api.UncheckedIOException                                             : loaded 2 times (x 78B)
Class org.gradle.internal.installation.GradleInstallation$1                           : loaded 2 times (x 71B)
Class org.gradle.api.internal.classpath.ModuleRegistry                                : loaded 2 times (x 66B)
Class org.gradle.api.internal.classpath.DefaultModuleRegistry                         : loaded 2 times (x 82B)
Class org.gradle.internal.service.ServiceLookupException                              : loaded 2 times (x 78B)
Class org.gradle.internal.classloader.ClassLoaderFactory                              : loaded 2 times (x 66B)
Class org.gradle.internal.service.CachingServiceLocator                               : loaded 2 times (x 78B)
Class org.gradle.internal.classloader.ClasspathUtil                                   : loaded 2 times (x 67B)
Class org.gradle.api.specs.Spec                                                       : loaded 2 times (x 66B)
Class org.gradle.internal.classloader.VisitableURLClassLoader$InstrumentingVisitableURLClassLoader: loaded 2 times (x 119B)
Class org.gradle.internal.classloader.VisitableURLClassLoader$Spec                    : loaded 2 times (x 70B)
Class org.gradle.internal.classpath.DefaultClassPath                                  : loaded 2 times (x 86B)
Class org.gradle.internal.classloader.ClassLoaderSpec                                 : loaded 2 times (x 67B)
Class Settings_gradle$1$1                                                             : loaded 2 times (x 70B)
Class org.gradle.internal.classloader.VisitableURLClassLoader                         : loaded 2 times (x 113B)
Class Settings_gradle                                                                 : loaded 2 times (x 124B)
Class org.gradle.internal.Cast                                                        : loaded 2 times (x 67B)
Class org.gradle.api.Action                                                           : loaded 2 times (x 66B)
Class org.gradle.internal.classpath.DefaultClassPath$ImmutableUniqueList$Builder      : loaded 2 times (x 71B)
Class org.gradle.api.GradleException                                                  : loaded 2 times (x 78B)
Class org.gradle.internal.IoActions                                                   : loaded 2 times (x 67B)
Class org.gradle.internal.classloader.SystemClassLoaderSpec                           : loaded 2 times (x 67B)
Class org.gradle.api.internal.classpath.GlobalCacheRootsProvider                      : loaded 2 times (x 66B)
Class org.gradle.internal.installation.CurrentGradleInstallationLocator               : loaded 2 times (x 67B)
Class org.gradle.internal.service.DefaultServiceLocator                               : loaded 2 times (x 79B)
Class org.gradle.internal.installation.CurrentGradleInstallation                      : loaded 2 times (x 69B)
Class org.gradle.util.internal.GUtil                                                  : loaded 2 times (x 67B)
Class org.gradle.internal.installation.GradleInstallation                             : loaded 2 times (x 71B)

---------------  S Y S T E M  ---------------

OS:
 Windows 10 , 64 bit Build 19041 (10.0.19041.5915)
OS uptime: 0 days 5:26 hours
Hyper-V role detected

CPU: total 4 (initial active 4) (4 cores per cpu, 1 threads per core) family 6 model 76 stepping 3 microcode 0x368, cx8, cmov, fxsr, mmx, 3dnowpref, sse, sse2, sse3, ssse3, sse4.1, sse4.2, popcnt, tsc, tscinvbit, aes, erms, clmul, clflush, hv, rdtscp
Processor Information for the first 4 processors :
  Max Mhz: 1601, Current Mhz: 1600, Mhz Limit: 1584

Memory: 4k page, system-wide physical 8049M (234M free)
TotalPageFile size 11543M (AvailPageFile size 28M)
current process WorkingSet (physical memory assigned to process): 249M, peak: 257M
current process commit charge ("private bytes"): 282M, peak: 287M

vm_info: OpenJDK 64-Bit Server VM (21.0.6+-13368085-b895.109) for windows-amd64 JRE (21.0.6+-13368085-b895.109), built on 2025-04-16T17:01:31Z by "builder" with MS VC++ 16.10 / 16.11 (VS2019)

END.
